[debug] [2025-03-19T14:32:48.905Z] ----------------------------------------------------------------------
[debug] [2025-03-19T14:32:48.911Z] Command:       C:\Program Files\nodejs\node.exe C:\Program Files\nodejs\node_modules\firebase-tools\lib\bin\firebase.js hosting:disable
[debug] [2025-03-19T14:32:48.912Z] CLI Version:   13.34.0
[debug] [2025-03-19T14:32:48.912Z] Platform:      win32
[debug] [2025-03-19T14:32:48.912Z] Node Version:  v20.0.0
[debug] [2025-03-19T14:32:48.913Z] Time:          Wed Mar 19 2025 16:32:48 GMT+0200 (South Africa Standard Time)
[debug] [2025-03-19T14:32:48.913Z] ----------------------------------------------------------------------
[debug] 
[debug] [2025-03-19T14:32:49.404Z] > command requires scopes: ["email","openid","https://www.googleapis.com/auth/cloudplatformprojects.readonly","https://www.googleapis.com/auth/firebase","https://www.googleapis.com/auth/cloud-platform"]
[debug] [2025-03-19T14:32:49.404Z] > authorizing via signed-in user (lisapowell46@gmail.com)
[debug] [2025-03-19T14:32:49.405Z] [iam] checking project tiger-digital-marketing-fa45f for permissions ["firebase.projects.get","firebasehosting.sites.update"]
[debug] [2025-03-19T14:32:49.407Z] Checked if tokens are valid: true, expires at: 1742396116108
[debug] [2025-03-19T14:32:49.409Z] Checked if tokens are valid: true, expires at: 1742396116108
[debug] [2025-03-19T14:32:49.411Z] >>> [apiv2][query] POST https://cloudresourcemanager.googleapis.com/v1/projects/tiger-digital-marketing-fa45f:testIamPermissions [none]
[debug] [2025-03-19T14:32:49.411Z] >>> [apiv2][(partial)header] POST https://cloudresourcemanager.googleapis.com/v1/projects/tiger-digital-marketing-fa45f:testIamPermissions x-goog-quota-user=projects/tiger-digital-marketing-fa45f
[debug] [2025-03-19T14:32:49.411Z] >>> [apiv2][body] POST https://cloudresourcemanager.googleapis.com/v1/projects/tiger-digital-marketing-fa45f:testIamPermissions {"permissions":["firebase.projects.get","firebasehosting.sites.update"]}
[debug] [2025-03-19T14:32:51.723Z] <<< [apiv2][status] POST https://cloudresourcemanager.googleapis.com/v1/projects/tiger-digital-marketing-fa45f:testIamPermissions 200
[debug] [2025-03-19T14:32:51.724Z] <<< [apiv2][body] POST https://cloudresourcemanager.googleapis.com/v1/projects/tiger-digital-marketing-fa45f:testIamPermissions {}
[debug] [2025-03-19T14:32:51.724Z] [iam] error while checking permissions, command may fail: Authorization failed. This account is missing the following required permissions on project tiger-digital-marketing-fa45f:

  firebase.projects.get
  firebasehosting.sites.update
[debug] [2025-03-19T14:32:51.725Z] Checked if tokens are valid: true, expires at: 1742396116108
[debug] [2025-03-19T14:32:51.725Z] Checked if tokens are valid: true, expires at: 1742396116108
[debug] [2025-03-19T14:32:51.725Z] >>> [apiv2][query] GET https://firebase.googleapis.com/v1beta1/projects/tiger-digital-marketing-fa45f [none]
[debug] [2025-03-19T14:32:52.699Z] <<< [apiv2][status] GET https://firebase.googleapis.com/v1beta1/projects/tiger-digital-marketing-fa45f 403
[debug] [2025-03-19T14:32:52.700Z] <<< [apiv2][body] GET https://firebase.googleapis.com/v1beta1/projects/tiger-digital-marketing-fa45f {"error":{"code":403,"message":"The caller does not have permission","status":"PERMISSION_DENIED"}}
[debug] [2025-03-19T14:32:52.700Z] Request to https://firebase.googleapis.com/v1beta1/projects/tiger-digital-marketing-fa45f had HTTP Error: 403, The caller does not have permission
[debug] [2025-03-19T14:32:53.173Z] FirebaseError: Request to https://firebase.googleapis.com/v1beta1/projects/tiger-digital-marketing-fa45f had HTTP Error: 403, The caller does not have permission
    at responseToError (C:\Users\Lisa\AppData\Roaming\nvm\v20.0.0\node_modules\firebase-tools\lib\responseToError.js:52:12)
    at RetryOperation._fn (C:\Users\Lisa\AppData\Roaming\nvm\v20.0.0\node_modules\firebase-tools\lib\apiv2.js:312:77)
    at process.processTicksAndRejections (node:internal/process/task_queues:95:5)
[error] 
[error] Error: Failed to get Firebase project tiger-digital-marketing-fa45f. Please make sure the project exists and your account has permission to access it.
